This is pdfTeX, Version 3.1415926-2.5-1.40.14 (MiKTeX 2.9 64-bit) (preloaded format=pdftex 2015.5.2)  6 DEC 2015 22:27
entering extended mode
**C:/Users/Atranemus-PC/Desktop/Templates_Paper_Slides/project_math191.bib
(C:/Users/Atranemus-PC/Desktop/Templates_Paper_Slides/project_math191.bib
! Missing $ inserted.
<inserted text> 
                $
<to be read again> 
                   _
l.18  issue_
            date = {2004},
? 
! Emergency stop.
<inserted text> 
                $
<to be read again> 
                   _
l.18  issue_
            date = {2004},
End of file on the terminal!

!  ==> Fatal error occurred, no output PDF file produced!
